2019-01-02 20:25:19:510 --> [main] INFO  cn.llman.SpringBoot03LoggingApplicationTests --> Starting SpringBoot03LoggingApplicationTests on marlonn-PC with PID 13788 (started by Sliver Hands in F:\Intellij_IDEA_Projects\spring-boot-accidence\spring-boot-core\spring-boot-03-logging)
2019-01-02 20:25:19:511 --> [main] DEBUG cn.llman.SpringBoot03LoggingApplicationTests --> Running with Spring Boot v2.1.1.RELEASE, Spring v5.1.3.RELEASE
2019-01-02 20:25:19:512 --> [main] INFO  cn.llman.SpringBoot03LoggingApplicationTests --> No active profile set, falling back to default profiles: default
2019-01-02 20:25:20:917 --> [main] INFO  o.s.scheduling.concurrent.ThreadPoolTaskExecutor --> Initializing ExecutorService 'applicationTaskExecutor'
2019-01-02 20:25:21:177 --> [main] INFO  cn.llman.SpringBoot03LoggingApplicationTests --> Started SpringBoot03LoggingApplicationTests in 2.427 seconds (JVM running for 3.323)
2019-01-02 20:25:21:346 --> [main] TRACE cn.llman.SpringBoot03LoggingApplicationTests --> It is a trace 
2019-01-02 20:25:21:347 --> [main] DEBUG cn.llman.SpringBoot03LoggingApplicationTests --> It is a debug 
2019-01-02 20:25:21:347 --> [main] INFO  cn.llman.SpringBoot03LoggingApplicationTests --> It is a info 
2019-01-02 20:25:21:347 --> [main] WARN  cn.llman.SpringBoot03LoggingApplicationTests --> It is a warn 
2019-01-02 20:25:21:347 --> [main] ERROR cn.llman.SpringBoot03LoggingApplicationTests --> It is a error 
2019-01-02 20:25:21:352 --> [Thread-2] INFO  o.s.scheduling.concurrent.ThreadPoolTaskExecutor --> Shutting down ExecutorService 'applicationTaskExecutor'
2019-01-02 20:46:13:737 --> [main] INFO  cn.llman.SpringBoot03LoggingApplicationTests --> Starting SpringBoot03LoggingApplicationTests on marlonn-PC with PID 15692 (started by Sliver Hands in F:\Intellij_IDEA_Projects\spring-boot-accidence\spring-boot-core\spring-boot-03-logging)
2019-01-02 20:46:13:742 --> [main] DEBUG cn.llman.SpringBoot03LoggingApplicationTests --> Running with Spring Boot v2.1.1.RELEASE, Spring v5.1.3.RELEASE
2019-01-02 20:46:13:743 --> [main] INFO  cn.llman.SpringBoot03LoggingApplicationTests --> The following profiles are active: dev
2019-01-02 20:46:15:133 --> [main] INFO  org.springframework.scheduling.concurrent.ThreadPoolTaskExecutor --> Initializing ExecutorService 'applicationTaskExecutor'
2019-01-02 20:46:15:424 --> [main] INFO  cn.llman.SpringBoot03LoggingApplicationTests --> Started SpringBoot03LoggingApplicationTests in 2.172 seconds (JVM running for 3.451)
2019-01-02 20:46:15:681 --> [main] TRACE cn.llman.SpringBoot03LoggingApplicationTests --> It is a trace 
2019-01-02 20:46:15:681 --> [main] DEBUG cn.llman.SpringBoot03LoggingApplicationTests --> It is a debug 
2019-01-02 20:46:15:681 --> [main] INFO  cn.llman.SpringBoot03LoggingApplicationTests --> It is a info 
2019-01-02 20:46:15:681 --> [main] WARN  cn.llman.SpringBoot03LoggingApplicationTests --> It is a warn 
2019-01-02 20:46:15:681 --> [main] ERROR cn.llman.SpringBoot03LoggingApplicationTests --> It is a error 
2019-01-02 20:46:15:692 --> [Thread-2] INFO  org.springframework.scheduling.concurrent.ThreadPoolTaskExecutor --> Shutting down ExecutorService 'applicationTaskExecutor'
